[0.022s] Invoking command in '/home/nat/ws_ruka/build/ruka': CMAKE_PREFIX_PATH=${CMAKE_PREFIX_PATH}:/home/nat/ws_explorer/install/ros2_control_demo_testing:/home/nat/roverchallenge-ru/install/simulation:/opt/ros/jazzy DEBUGINFOD_URLS=https://debuginfod.ubuntu.com /usr/bin/cmake --build /home/nat/ws_ruka/build/ruka -- -j12 -l12
[0.178s] [ 33%] [32mBuilding CXX object CMakeFiles/ruka.dir/hardware/ruka_sensor_hardware.cpp.o[0m
[5.155s] In file included from [01m[K/opt/ros/jazzy/include/class_loader/class_loader/class_loader.hpp:56[m[K,
[5.156s]                  from [01m[K/opt/ros/jazzy/include/pluginlib/pluginlib/class_list_macros.hpp:40[m[K,
[5.156s]                  from [01m[K/home/nat/ws_ruka/src/ruka/hardware/ruka_sensor_hardware.cpp:121[m[K:
[5.156s] [01m[K/home/nat/ws_ruka/src/ruka/hardware/ruka_sensor_hardware.cpp:123:1:[m[K [01;31m[Kerror: [m[Kexpected â€˜[01m[K}[m[Kâ€™ at end of input
[5.156s]   123 | [01;31m[KPLUGINLIB_EXPORT_CLASS[m[K(
[5.156s]       | [01;31m[K^~~~~~~~~~~~~~~~~~~~~~[m[K
[5.156s] [01m[K/home/nat/ws_ruka/src/ruka/hardware/ruka_sensor_hardware.cpp:14:1:[m[K [01;36m[Knote: [m[Kto match this â€˜[01m[K{[m[Kâ€™
[5.156s]    14 | [01;36m[K{[m[K
[5.157s]       | [01;36m[K^[m[K
[6.643s] [01m[K/home/nat/ws_ruka/src/ruka/hardware/ruka_sensor_hardware.cpp:[m[K In member function â€˜[01m[Kvirtual hardware_interface::return_type ruka::RukaSensor::[01;32m[Kread[m[K(const rclcpp::Time&, const rclcpp::Duration&)[m[Kâ€™:
[6.644s] [01m[K/home/nat/ws_ruka/src/ruka/hardware/ruka_sensor_hardware.cpp:119:1:[m[K [01;35m[Kwarning: [m[Kcontrol reaches end of non-void function [[01;35m[K]8;;https://gcc.gnu.org/onlinedocs/gcc/Warning-Options.html#index-Wreturn-type-Wreturn-type]8;;[m[K]
[6.644s]   119 | [01;35m[K}[m[K  // namespace ros2_control_demo_example_5
[6.644s]       | [01;35m[K^[m[K
[6.724s] gmake[2]: *** [CMakeFiles/ruka.dir/build.make:90: CMakeFiles/ruka.dir/hardware/ruka_sensor_hardware.cpp.o] Error 1
[6.724s] gmake[1]: *** [CMakeFiles/Makefile2:137: CMakeFiles/ruka.dir/all] Error 2
[6.725s] gmake: *** [Makefile:146: all] Error 2
[6.729s] Invoked command in '/home/nat/ws_ruka/build/ruka' returned '2': CMAKE_PREFIX_PATH=${CMAKE_PREFIX_PATH}:/home/nat/ws_explorer/install/ros2_control_demo_testing:/home/nat/roverchallenge-ru/install/simulation:/opt/ros/jazzy DEBUGINFOD_URLS=https://debuginfod.ubuntu.com /usr/bin/cmake --build /home/nat/ws_ruka/build/ruka -- -j12 -l12
