[0.023s] Invoking command in '/home/nat/ws_ruka/build/ruka': CMAKE_PREFIX_PATH=${CMAKE_PREFIX_PATH}:/home/nat/ws_explorer/install/ros2_control_demo_testing:/home/nat/roverchallenge-ru/install/simulation:/opt/ros/jazzy DEBUGINFOD_URLS=https://debuginfod.ubuntu.com /usr/bin/cmake --build /home/nat/ws_ruka/build/ruka -- -j12 -l12
[0.174s] [ 33%] [32mBuilding CXX object CMakeFiles/ruka.dir/hardware/ruka_sensor_hardware.cpp.o[0m
[5.159s] In file included from [01m[K/opt/ros/jazzy/include/rclcpp/rclcpp/copy_all_parameter_values.hpp:27[m[K,
[5.160s]                  from [01m[K/opt/ros/jazzy/include/rclcpp/rclcpp/rclcpp.hpp:171[m[K,
[5.160s]                  from [01m[K/home/nat/ws_ruka/src/ruka/hardware/ruka_sensor_hardware.cpp:11[m[K:
[5.160s] [01m[K/home/nat/ws_ruka/src/ruka/hardware/ruka_sensor_hardware.cpp:[m[K In member function â€˜[01m[Kvirtual hardware_interface::return_type ruka::RukaSensor::[01;32m[Kread[m[K(const rclcpp::Time&, const rclcpp::Duration&)[m[Kâ€™:
[5.160s] [01m[K/home/nat/ws_ruka/src/ruka/hardware/ruka_sensor_hardware.cpp:108:5:[m[K [01;31m[Kerror: [m[Kstatic assertion failed: First argument to logging macros must be an rclcpp::Logger
[5.160s]   108 |     [01;31m[KRCLCPP_INFO[m[K(
[5.160s]       |     [01;31m[K^~~~~~~~~~~[m[K
[5.161s] In file included from [01m[K/opt/ros/jazzy/include/rcl/rcl/timer.h:34[m[K,
[5.161s]                  from [01m[K/opt/ros/jazzy/include/rcl/rcl/wait.h:33[m[K,
[5.161s]                  from [01m[K/opt/ros/jazzy/include/rclcpp/rclcpp/context.hpp:33[m[K,
[5.161s]                  from [01m[K/opt/ros/jazzy/include/rclcpp/rclcpp/contexts/default_context.hpp:18[m[K,
[5.162s]                  from [01m[K/opt/ros/jazzy/include/rclcpp/rclcpp/clock.hpp:22[m[K,
[5.162s]                  from [01m[K/opt/ros/jazzy/include/rclcpp/rclcpp/node_interfaces/node_clock_interface.hpp:18[m[K,
[5.162s]                  from [01m[K/opt/ros/jazzy/include/hardware_interface/hardware_interface/sensor_interface.hpp:28[m[K,
[5.162s]                  from [01m[K/home/nat/ws_ruka/src/ruka/hardware/include/ruka_sensor_hardware.hpp:11[m[K,
[5.162s]                  from [01m[K/home/nat/ws_ruka/src/ruka/hardware/ruka_sensor_hardware.cpp:2[m[K:
[5.162s] [01m[K/home/nat/ws_ruka/src/ruka/hardware/ruka_sensor_hardware.cpp:108:5:[m[K [01;31m[Kerror: [m[Krequest for member â€˜[01m[Kget_name[m[Kâ€™ in â€˜[01m[K((ruka::RukaSensor*)this)->ruka::RukaSensor::hw_sensor_states_.std::vector<double>::operator[](((std::vector<double>::size_type)i))[m[Kâ€™, which is of non-class type â€˜[01m[K__gnu_cxx::__alloc_traits<std::allocator<double>, double>::value_type[m[Kâ€™ {aka â€˜[01m[Kdouble[m[Kâ€™}
[5.163s]   108 |     [01;31m[KRCLCPP_INFO[m[K(
[5.163s]       |     [01;31m[K^~~~~~~~~~~[m[K
[5.163s] [01m[K/home/nat/ws_ruka/src/ruka/hardware/ruka_sensor_hardware.cpp:108:5:[m[K [01;31m[Kerror: [m[Krequest for member â€˜[01m[Kget_name[m[Kâ€™ in â€˜[01m[K((ruka::RukaSensor*)this)->ruka::RukaSensor::hw_sensor_states_.std::vector<double>::operator[](((std::vector<double>::size_type)i))[m[Kâ€™, which is of non-class type â€˜[01m[K__gnu_cxx::__alloc_traits<std::allocator<double>, double>::value_type[m[Kâ€™ {aka â€˜[01m[Kdouble[m[Kâ€™}
[5.163s]   108 |     [01;31m[KRCLCPP_INFO[m[K(
[5.163s]       |     [01;31m[K^~~~~~~~~~~[m[K
[5.163s] [01m[K/home/nat/ws_ruka/src/ruka/hardware/ruka_sensor_hardware.cpp:105:18:[m[K [01;35m[Kwarning: [m[Kunused variable â€˜[01m[Kseed[m[Kâ€™ [[01;35m[K]8;;https://gcc.gnu.org/onlinedocs/gcc/Warning-Options.html#index-Wunused-variable-Wunused-variable]8;;[m[K]
[5.163s]   105 |     unsigned int [01;35m[Kseed[m[K = time(NULL) + i;
[5.164s]       |                  [01;35m[K^~~~[m[K
[5.164s] [01m[K/home/nat/ws_ruka/src/ruka/hardware/ruka_sensor_hardware.cpp:112:3:[m[K [01;31m[Kerror: [m[Kexpected primary-expression before â€˜[01m[K)[m[Kâ€™ token
[5.164s]   112 |   [01;31m[KRCLCPP_INFO[m[K(
[5.164s]       |   [01;31m[K^~~~~~~~~~~[m[K
[5.164s] [01m[K/home/nat/ws_ruka/src/ruka/hardware/ruka_sensor_hardware.cpp:112:3:[m[K [01;31m[Kerror: [m[Ktemplate argument 1 is invalid
[5.164s]   112 |   [01;31m[KRCLCPP_INFO[m[K(
[5.164s]       |   [01;31m[K^~~~~~~~~~~[m[K
[5.165s] [01m[K/home/nat/ws_ruka/src/ruka/hardware/ruka_sensor_hardware.cpp:112:3:[m[K [01;31m[Kerror: [m[Ktemplate argument 1 is invalid
[5.165s]   112 |   [01;31m[KRCLCPP_INFO[m[K(
[5.165s]       |   [01;31m[K^~~~~~~~~~~[m[K
[5.165s] [01m[K/home/nat/ws_ruka/src/ruka/hardware/ruka_sensor_hardware.cpp:112:3:[m[K [01;31m[Kerror: [m[Ktemplate argument 1 is invalid
[5.165s]   112 |   [01;31m[KRCLCPP_INFO[m[K(
[5.165s]       |   [01;31m[K^~~~~~~~~~~[m[K
[5.165s] [01m[K/home/nat/ws_ruka/src/ruka/hardware/ruka_sensor_hardware.cpp:112:3:[m[K [01;31m[Kerror: [m[Kexpected primary-expression before â€˜[01m[K)[m[Kâ€™ token
[5.166s]   112 |   [01;31m[KRCLCPP_INFO[m[K(
[5.166s]       |   [01;31m[K^~~~~~~~~~~[m[K
[5.166s] [01m[K/home/nat/ws_ruka/src/ruka/hardware/ruka_sensor_hardware.cpp:112:3:[m[K [01;31m[Kerror: [m[Kexpected primary-expression before â€˜[01m[K)[m[Kâ€™ token
[5.166s]   112 |   [01;31m[KRCLCPP_INFO[m[K(
[5.166s]       |   [01;31m[K^~~~~~~~~~~[m[K
[5.166s] [01m[K/home/nat/ws_ruka/src/ruka/hardware/ruka_sensor_hardware.cpp:112:3:[m[K [01;31m[Kerror: [m[Kexpected primary-expression before â€˜[01m[K)[m[Kâ€™ token
[5.166s]   112 |   [01;31m[KRCLCPP_INFO[m[K(
[5.166s]       |   [01;31m[K^~~~~~~~~~~[m[K
[6.904s] gmake[2]: *** [CMakeFiles/ruka.dir/build.make:90: CMakeFiles/ruka.dir/hardware/ruka_sensor_hardware.cpp.o] Error 1
[6.904s] gmake[1]: *** [CMakeFiles/Makefile2:137: CMakeFiles/ruka.dir/all] Error 2
[6.905s] gmake: *** [Makefile:146: all] Error 2
[6.909s] Invoked command in '/home/nat/ws_ruka/build/ruka' returned '2': CMAKE_PREFIX_PATH=${CMAKE_PREFIX_PATH}:/home/nat/ws_explorer/install/ros2_control_demo_testing:/home/nat/roverchallenge-ru/install/simulation:/opt/ros/jazzy DEBUGINFOD_URLS=https://debuginfod.ubuntu.com /usr/bin/cmake --build /home/nat/ws_ruka/build/ruka -- -j12 -l12
